# JRE version: Java(TM) SE Runtime Environment (8.0_231-b11) (build 1.8.0_231-b11)
# Java VM: Java HotSpot(TM) 64-Bit Server VM (25.231-b11 mixed mode windows-amd64 compressed oops)
Heap:
 PSYoungGen      total 430080K, used 78964K [0x00000000d6380000, 0x00000000f2180000, 0x0000000100000000)
  eden space 415744K, 18% used [0x00000000d6380000,0x00000000db09d158,0x00000000ef980000)
  from space 14336K, 0% used [0x00000000f0b80000,0x00000000f0b80000,0x00000000f1980000)
  to   space 18432K, 0% used [0x00000000ef980000,0x00000000ef980000,0x00000000f0b80000)
 ParOldGen       total 78336K, used 26232K [0x0000000082a00000, 0x0000000087680000, 0x00000000d6380000)
  object space 78336K, 33% used [0x0000000082a00000,0x000000008439e288,0x0000000087680000)
 Metaspace       used 27956K, capacity 29156K, committed 29312K, reserved 1075200K
  class space    used 4144K, capacity 4417K, committed 4480K, reserved 1048576K
GC Heap History (10 events):
Event: 4.914 GC heap before
{Heap before GC invocations=7 (full 0):
 PSYoungGen      total 140800K, used 137102K [0x00000000d6380000, 0x00000000df680000, 0x0000000100000000)
  eden space 131072K, 100% used [0x00000000d6380000,0x00000000de380000,0x00000000de380000)
  from space 9728K, 61% used [0x00000000ded00000,0x00000000df2e3910,0x00000000df680000)
  to   space 9728K, 0% used [0x00000000de380000,0x00000000de380000,0x00000000ded00000)
 ParOldGen       total 86016K, used 7809K [0x0000000082a00000, 0x0000000087e00000, 0x00000000d6380000)
  object space 86016K, 9% used [0x0000000082a00000,0x00000000831a0648,0x0000000087e00000)
 Metaspace       used 13110K, capacity 13530K, committed 13696K, reserved 1060864K
  class space    used 1732K, capacity 1870K, committed 1920K, reserved 1048576K
Event: 4.930 GC heap after
Heap after GC invocations=7 (full 0):
 PSYoungGen      total 140800K, used 3072K [0x00000000d6380000, 0x00000000e7780000, 0x0000000100000000)
  eden space 131072K, 0% used [0x00000000d6380000,0x00000000d6380000,0x00000000de380000)
  from space 9728K, 31% used [0x00000000de380000,0x00000000de680010,0x00000000ded00000)
  to   space 10240K, 0% used [0x00000000e6d80000,0x00000000e6d80000,0x00000000e7780000)
 ParOldGen       total 86016K, used 12323K [0x0000000082a00000, 0x0000000087e00000, 0x00000000d6380000)
  object space 86016K, 14% used [0x0000000082a00000,0x0000000083608fd8,0x0000000087e00000)
 Metaspace       used 13110K, capacity 13530K, committed 13696K, reserved 1060864K
  class space    used 1732K, capacity 1870K, committed 1920K, reserved 1048576K
}
Event: 5.328 GC heap before
{Heap before GC invocations=8 (full 0):
 PSYoungGen      total 140800K, used 134144K [0x00000000d6380000, 0x00000000e7780000, 0x0000000100000000)
  eden space 131072K, 100% used [0x00000000d6380000,0x00000000de380000,0x00000000de380000)
  from space 9728K, 31% used [0x00000000de380000,0x00000000de680010,0x00000000ded00000)
  to   space 10240K, 0% used [0x00000000e6d80000,0x00000000e6d80000,0x00000000e7780000)
 ParOldGen       total 86016K, used 12323K [0x0000000082a00000, 0x0000000087e00000, 0x00000000d6380000)
  object space 86016K, 14% used [0x0000000082a00000,0x0000000083608fd8,0x0000000087e00000)
 Metaspace       used 13116K, capacity 13594K, committed 13696K, reserved 1060864K
  class space    used 1732K, capacity 1870K, committed 1920K, reserved 1048576K
Event: 5.338 GC heap after
Heap after GC invocations=8 (full 0):
 PSYoungGen      total 272384K, used 3776K [0x00000000d6380000, 0x00000000e7780000, 0x0000000100000000)
  eden space 262144K, 0% used [0x00000000d6380000,0x00000000d6380000,0x00000000e6380000)
  from space 10240K, 36% used [0x00000000e6d80000,0x00000000e7130010,0x00000000e7780000)
  to   space 10240K, 0% used [0x00000000e6380000,0x00000000e6380000,0x00000000e6d80000)
 ParOldGen       total 86016K, used 12555K [0x0000000082a00000, 0x0000000087e00000, 0x00000000d6380000)
  object space 86016K, 14% used [0x0000000082a00000,0x0000000083642fd8,0x0000000087e00000)
 Metaspace       used 13116K, capacity 13594K, committed 13696K, reserved 1060864K
  class space    used 1732K, capacity 1870K, committed 1920K, reserved 1048576K
}
Event: 6.728 GC heap before
{Heap before GC invocations=9 (full 0):
 PSYoungGen      total 272384K, used 265920K [0x00000000d6380000, 0x00000000e7780000, 0x0000000100000000)
  eden space 262144K, 100% used [0x00000000d6380000,0x00000000e6380000,0x00000000e6380000)
  from space 10240K, 36% used [0x00000000e6d80000,0x00000000e7130010,0x00000000e7780000)
  to   space 10240K, 0% used [0x00000000e6380000,0x00000000e6380000,0x00000000e6d80000)
 ParOldGen       total 86016K, used 12555K [0x0000000082a00000, 0x0000000087e00000, 0x00000000d6380000)
  object space 86016K, 14% used [0x0000000082a00000,0x0000000083642fd8,0x0000000087e00000)
 Metaspace       used 14394K, capacity 14880K, committed 15104K, reserved 1062912K
  class space    used 1867K, capacity 1999K, committed 2048K, reserved 1048576K
Event: 6.760 GC heap after
Heap after GC invocations=9 (full 0):
 PSYoungGen      total 272384K, used 10225K [0x00000000d6380000, 0x00000000f1980000, 0x0000000100000000)
  eden space 262144K, 0% used [0x00000000d6380000,0x00000000d6380000,0x00000000e6380000)
  from space 10240K, 99% used [0x00000000e6380000,0x00000000e6d7c578,0x00000000e6d80000)
  to   space 14336K, 0% used [0x00000000f0b80000,0x00000000f0b80000,0x00000000f1980000)
 ParOldGen       total 86016K, used 20020K [0x0000000082a00000, 0x0000000087e00000, 0x00000000d6380000)
  object space 86016K, 23% used [0x0000000082a00000,0x0000000083d8d310,0x0000000087e00000)
 Metaspace       used 14394K, capacity 14880K, committed 15104K, reserved 1062912K
  class space    used 1867K, capacity 1999K, committed 2048K, reserved 1048576K
}
Event: 8.323 GC heap before
{Heap before GC invocations=10 (full 0):
 PSYoungGen      total 272384K, used 222243K [0x00000000d6380000, 0x00000000f1980000, 0x0000000100000000)
  eden space 262144K, 80% used [0x00000000d6380000,0x00000000e328c9a8,0x00000000e6380000)
  from space 10240K, 99% used [0x00000000e6380000,0x00000000e6d7c578,0x00000000e6d80000)
  to   space 14336K, 0% used [0x00000000f0b80000,0x00000000f0b80000,0x00000000f1980000)
 ParOldGen       total 86016K, used 20020K [0x0000000082a00000, 0x0000000087e00000, 0x00000000d6380000)
  object space 86016K, 23% used [0x0000000082a00000,0x0000000083d8d310,0x0000000087e00000)
 Metaspace       used 20631K, capacity 21094K, committed 21296K, reserved 1067008K
  class space    used 2998K, capacity 3152K, committed 3200K, reserved 1048576K
Event: 8.355 GC heap after
Heap after GC invocations=10 (full 0):
 PSYoungGen      total 430080K, used 14306K [0x00000000d6380000, 0x00000000f2180000, 0x0000000100000000)
  eden space 415744K, 0% used [0x00000000d6380000,0x00000000d6380000,0x00000000ef980000)
  from space 14336K, 99% used [0x00000000f0b80000,0x00000000f1978a30,0x00000000f1980000)
  to   space 18432K, 0% used [0x00000000ef980000,0x00000000ef980000,0x00000000f0b80000)
 ParOldGen       total 86016K, used 25781K [0x0000000082a00000, 0x0000000087e00000, 0x00000000d6380000)
  object space 86016K, 29% used [0x0000000082a00000,0x000000008432d6d0,0x0000000087e00000)
 Metaspace       used 20631K, capacity 21094K, committed 21296K, reserved 1067008K
  class space    used 2998K, capacity 3152K, committed 3200K, reserved 1048576K
}
Event: 8.355 GC heap before
{Heap before GC invocations=11 (full 1):
 PSYoungGen      total 430080K, used 14306K [0x00000000d6380000, 0x00000000f2180000, 0x0000000100000000)
  eden space 415744K, 0% used [0x00000000d6380000,0x00000000d6380000,0x00000000ef980000)
  from space 14336K, 99% used [0x00000000f0b80000,0x00000000f1978a30,0x00000000f1980000)
  to   space 18432K, 0% used [0x00000000ef980000,0x00000000ef980000,0x00000000f0b80000)
 ParOldGen       total 86016K, used 25781K [0x0000000082a00000, 0x0000000087e00000, 0x00000000d6380000)
  object space 86016K, 29% used [0x0000000082a00000,0x000000008432d6d0,0x0000000087e00000)
 Metaspace       used 20631K, capacity 21094K, committed 21296K, reserved 1067008K
  class space    used 2998K, capacity 3152K, committed 3200K, reserved 1048576K
Event: 8.458 GC heap after
Heap after GC invocations=11 (full 1):
 PSYoungGen      total 430080K, used 0K [0x00000000d6380000, 0x00000000f2180000, 0x0000000100000000)
  eden space 415744K, 0% used [0x00000000d6380000,0x00000000d6380000,0x00000000ef980000)
  from space 14336K, 0% used [0x00000000f0b80000,0x00000000f0b80000,0x00000000f1980000)
  to   space 18432K, 0% used [0x00000000ef980000,0x00000000ef980000,0x00000000f0b80000)
 ParOldGen       total 78336K, used 26232K [0x0000000082a00000, 0x0000000087680000, 0x00000000d6380000)
  object space 78336K, 33% used [0x0000000082a00000,0x000000008439e288,0x0000000087680000)
 Metaspace       used 20631K, capacity 21094K, committed 21296K, reserved 1067008K
  class space    used 2998K, capacity 3152K, committed 3200K, reserved 1048576K
}

